<?xml version="1.0" encoding="UTF-8" ?>
<testsuite failures="0" time="0.156" errors="0" skipped="0" tests="1" name="com.bohui.service.FixPackServiceTest">
  <properties>
    <property name="java.runtime.name" value="Java(TM) SE Runtime Environment"/>
    <property name="sun.boot.library.path" value="D:\Program Files\Java\jre6\bin"/>
    <property name="java.vm.version" value="17.1-b03"/>
    <property name="java.vm.vendor" value="Sun Microsystems Inc."/>
    <property name="java.vendor.url" value="http://java.sun.com/"/>
    <property name="path.separator" value=";"/>
    <property name="guice.disable.misplaced.annotation.check" value="true"/>
    <property name="java.vm.name" value="Java HotSpot(TM) Client VM"/>
    <property name="file.encoding.pkg" value="sun.io"/>
    <property name="user.country" value="CN"/>
    <property name="sun.java.launcher" value="SUN_STANDARD"/>
    <property name="sun.os.patch.level" value="Service Pack 3"/>
    <property name="java.vm.specification.name" value="Java Virtual Machine Specification"/>
    <property name="user.dir" value="D:\360\spring\workspace\Fixpack"/>
    <property name="java.runtime.version" value="1.6.0_22-b04"/>
    <property name="java.awt.graphicsenv" value="sun.awt.Win32GraphicsEnvironment"/>
    <property name="java.endorsed.dirs" value="D:\Program Files\Java\jre6\lib\endorsed"/>
    <property name="os.arch" value="x86"/>
    <property name="java.io.tmpdir" value="C:\DOCUME~1\bohui\LOCALS~1\Temp\"/>
    <property name="line.separator" value="
"/>
    <property name="java.vm.specification.vendor" value="Sun Microsystems Inc."/>
    <property name="user.variant" value=""/>
    <property name="os.name" value="Windows XP"/>
    <property name="classworlds.conf" value="D:\360\spring\workspace\.metadata\.plugins\org.eclipse.m2e.core\launches\m2conf5850429187245129828.tmp"/>
    <property name="sun.jnu.encoding" value="GBK"/>
    <property name="java.library.path" value="D:\Program Files\Java\jre6\bin;.;C:\WINDOWS\Sun\Java\bin;C:\WINDOWS\system32;C:\WINDOWS;D:/Program Files/Java/jre6/bin/client;D:/Program Files/Java/jre6/bin;D:/Program Files/Java/jre6/lib/i386;D:\oraclexe\app\oracle\product\11.2.0\server\bin;;C:\Program Files\AMD APP\bin\x86;C:\WINDOWS\system32;C:\WINDOWS;C:\WINDOWS\System32\Wbem;C:\Program Files\TortoiseSVN\bin;C:\Program Files\ATI Technologies\ATI.ACE\Core-Static;D:\Program Files\Java\jdk1.7.0_03\bin;C:\Program Files\Microsoft SQL Server\90\Tools\binn\;D:\Program Files\WPS Office\8.1.0.3526\office6;C:\Program Files\BHPlugins\AresPlayer;D:\Program Files\WPS Office\8.1.0.3526\office6;C:\Program Files\BHPlugins\AresPlayer;D:\Program Files\Rational\common;D:\Program Files\MySQL\MySQL Server 5.0\bin;E:\utils\apache-maven-3.0.4\bin;E:\utils\gradle-1.3\bin;D:\Program Files\WPS Office\8.1.0.3526\office6;E:\utils\eclipse;"/>
    <property name="java.specification.name" value="Java Platform API Specification"/>
    <property name="java.class.version" value="50.0"/>
    <property name="sun.management.compiler" value="HotSpot Client Compiler"/>
    <property name="os.version" value="5.1"/>
    <property name="user.home" value="C:\Documents and Settings\bohui"/>
    <property name="user.timezone" value="Asia/Shanghai"/>
    <property name="java.awt.printerjob" value="sun.awt.windows.WPrinterJob"/>
    <property name="file.encoding" value="GBK"/>
    <property name="java.specification.version" value="1.6"/>
    <property name="user.name" value="bohui"/>
    <property name="java.class.path" value="D:\360\apache-maven-3.0.4\boot\plexus-classworlds-2.4.jar"/>
    <property name="java.vm.specification.version" value="1.0"/>
    <property name="sun.arch.data.model" value="32"/>
    <property name="java.home" value="D:\Program Files\Java\jre6"/>
    <property name="java.specification.vendor" value="Sun Microsystems Inc."/>
    <property name="user.language" value="zh"/>
    <property name="awt.toolkit" value="sun.awt.windows.WToolkit"/>
    <property name="java.vm.info" value="mixed mode, sharing"/>
    <property name="java.version" value="1.6.0_22"/>
    <property name="java.ext.dirs" value="D:\Program Files\Java\jre6\lib\ext;C:\WINDOWS\Sun\Java\lib\ext"/>
    <property name="sun.boot.class.path" value="D:\Program Files\Java\jre6\lib\resources.jar;D:\Program Files\Java\jre6\lib\rt.jar;D:\Program Files\Java\jre6\lib\sunrsasign.jar;D:\Program Files\Java\jre6\lib\jsse.jar;D:\Program Files\Java\jre6\lib\jce.jar;D:\Program Files\Java\jre6\lib\charsets.jar;D:\Program Files\Java\jre6\classes"/>
    <property name="java.vendor" value="Sun Microsystems Inc."/>
    <property name="maven.home" value="D:\360\apache-maven-3.0.4"/>
    <property name="file.separator" value="\"/>
    <property name="java.vendor.url.bug" value="http://java.sun.com/cgi-bin/bugreport.cgi"/>
    <property name="sun.cpu.endian" value="little"/>
    <property name="sun.io.unicode.encoding" value="UnicodeLittle"/>
    <property name="sun.desktop" value="windows"/>
    <property name="sun.cpu.isalist" value="pentium_pro+mmx pentium_pro pentium+mmx pentium i486 i386 i86"/>
  </properties>
  <testcase time="0.125" classname="com.bohui.service.FixPackServiceTest" name="fixPack"/>
</testsuite>